Determining if the pthread_create exist failed with the following output:
Change Dir: /home/qwe/ORB_SLAM2/Examples/ROS/ORB_SLAM2/build/CMakeFiles/CMakeTmp

Run Build Command:"/usr/bin/make" "cmTC_a1bec/fast"
/usr/bin/make -f CMakeFiles/cmTC_a1bec.dir/build.make CMakeFiles/cmTC_a1bec.dir/build
make[1]: Entering directory '/home/qwe/ORB_SLAM2/Examples/ROS/ORB_SLAM2/build/CMakeFiles/CMakeTmp'
Building C object CMakeFiles/cmTC_a1bec.dir/CheckSymbolExists.c.o
/usr/bin/cc     -o CMakeFiles/cmTC_a1bec.dir/CheckSymbolExists.c.o   -c /home/qwe/ORB_SLAM2/Examples/ROS/ORB_SLAM2/build/CMakeFiles/CMakeTmp/CheckSymbolExists.c
Linking C executable cmTC_a1bec
/usr/bin/cmake -E cmake_link_script CMakeFiles/cmTC_a1bec.dir/link.txt --verbose=1
/usr/bin/cc       CMakeFiles/cmTC_a1bec.dir/CheckSymbolExists.c.o  -o cmTC_a1bec -rdynamic 
CMakeFiles/cmTC_a1bec.dir/CheckSymbolExists.c.o：在函数‘main’中：
CheckSymbolExists.c:(.text+0x16)：对‘pthread_create’未定义的引用
collect2: error: ld returned 1 exit status
CMakeFiles/cmTC_a1bec.dir/build.make:97: recipe for target 'cmTC_a1bec' failed
make[1]: *** [cmTC_a1bec] Error 1
make[1]: Leaving directory '/home/qwe/ORB_SLAM2/Examples/ROS/ORB_SLAM2/build/CMakeFiles/CMakeTmp'
Makefile:126: recipe for target 'cmTC_a1bec/fast' failed
make: *** [cmTC_a1bec/fast] Error 2

File /home/qwe/ORB_SLAM2/Examples/ROS/ORB_SLAM2/build/CMakeFiles/CMakeTmp/CheckSymbolExists.c:
/* */
#include <pthread.h>

int main(int argc, char** argv)
{
  (void)argv;
#ifndef pthread_create
  return ((int*)(&pthread_create))[argc];
#else
  (void)argc;
  return 0;
#endif
}

Determining if the function pthread_create exists in the pthreads failed with the following output:
Change Dir: /home/qwe/ORB_SLAM2/Examples/ROS/ORB_SLAM2/build/CMakeFiles/CMakeTmp

Run Build Command:"/usr/bin/make" "cmTC_994ea/fast"
/usr/bin/make -f CMakeFiles/cmTC_994ea.dir/build.make CMakeFiles/cmTC_994ea.dir/build
make[1]: Entering directory '/home/qwe/ORB_SLAM2/Examples/ROS/ORB_SLAM2/build/CMakeFiles/CMakeTmp'
Building C object CMakeFiles/cmTC_994ea.dir/CheckFunctionExists.c.o
/usr/bin/cc    -DCHECK_FUNCTION_EXISTS=pthread_create   -o CMakeFiles/cmTC_994ea.dir/CheckFunctionExists.c.o   -c /usr/share/cmake-3.5/Modules/CheckFunctionExists.c
Linking C executable cmTC_994ea
/usr/bin/cmake -E cmake_link_script CMakeFiles/cmTC_994ea.dir/link.txt --verbose=1
/usr/bin/cc   -DCHECK_FUNCTION_EXISTS=pthread_create    CMakeFiles/cmTC_994ea.dir/CheckFunctionExists.c.o  -o cmTC_994ea -rdynamic -lpthreads 
/usr/bin/ld: 找不到 -lpthreads
collect2: error: ld returned 1 exit status
CMakeFiles/cmTC_994ea.dir/build.make:97: recipe for target 'cmTC_994ea' failed
make[1]: *** [cmTC_994ea] Error 1
make[1]: Leaving directory '/home/qwe/ORB_SLAM2/Examples/ROS/ORB_SLAM2/build/CMakeFiles/CMakeTmp'
Makefile:126: recipe for target 'cmTC_994ea/fast' failed
make: *** [cmTC_994ea/fast] Error 2


